<?xml version="1.0" encoding="UTF-8"?>
<testng-results skipped="0" failed="0" ignored="0" total="2" passed="2">
  <reporter-output>
  </reporter-output>
  <suite name="TestSuite" duration-ms="13821" started-at="2019-06-14T21:44:07Z" finished-at="2019-06-14T21:44:20Z">
    <groups>
    </groups>
    <test name="login" duration-ms="6128" started-at="2019-06-14T21:44:07Z" finished-at="2019-06-14T21:44:13Z">
      <class name="test.LoginTest">
        <test-method status="PASS" signature="loginTest(java.lang.String, java.lang.String)[pri:0, instance:test.LoginTest@7a9273a8]" name="loginTest" duration-ms="6113" started-at="2019-06-14T21:44:07Z" finished-at="2019-06-14T21:44:13Z">
          <params>
            <param index="0">
              <value>
                <![CDATA[techfios@gmail.com]]>
              </value>
            </param>
            <param index="1">
              <value>
                <![CDATA[abc123]]>
              </value>
            </param>
          </params>
          <reporter-output>
          </reporter-output>
        </test-method> <!-- loginTest -->
      </class> <!-- test.LoginTest -->
    </test> <!-- login -->
    <test name="AddContactTest" duration-ms="7662" started-at="2019-06-14T21:44:13Z" finished-at="2019-06-14T21:44:20Z">
      <class name="test.AddContactTest">
        <test-method status="PASS" signature="usersCanAddContact(java.lang.String, java.lang.String, java.lang.String, java.lang.String, java.lang.String, java.lang.String, java.lang.String, java.lang.String, java.lang.String, java.lang.String, java.lang.String)[pri:0, instance:test.AddContactTest@eafc191]" name="usersCanAddContact" duration-ms="7662" started-at="2019-06-14T21:44:13Z" finished-at="2019-06-14T21:44:20Z">
          <params>
            <param index="0">
              <value>
                <![CDATA[techfiosdemo@gmail.com]]>
              </value>
            </param>
            <param index="1">
              <value>
                <![CDATA[abc123]]>
              </value>
            </param>
            <param index="2">
              <value>
                <![CDATA[john smith]]>
              </value>
            </param>
            <param index="3">
              <value>
                <![CDATA[nokia]]>
              </value>
            </param>
            <param index="4">
              <value>
                <![CDATA[Johnsmith@gmail.com]]>
              </value>
            </param>
            <param index="5">
              <value>
                <![CDATA[3474307205]]>
              </value>
            </param>
            <param index="6">
              <value>
                <![CDATA[250 irving rd]]>
              </value>
            </param>
            <param index="7">
              <value>
                <![CDATA[dallas]]>
              </value>
            </param>
            <param index="8">
              <value>
                <![CDATA[Texas]]>
              </value>
            </param>
            <param index="9">
              <value>
                <![CDATA[11417]]>
              </value>
            </param>
            <param index="10">
              <value>
                <![CDATA[iceland]]>
              </value>
            </param>
          </params>
          <reporter-output>
          </reporter-output>
        </test-method> <!-- usersCanAddContact -->
      </class> <!-- test.AddContactTest -->
    </test> <!-- AddContactTest -->
  </suite> <!-- TestSuite -->
</testng-results>
